2021-07-29 17:02:36.429 [main] INFO  o.s.c.s.PostProcessorRegistrationDelegate$BeanPostProcessorChecker - Bean 'org.springframework.cloud.autoconfigure.ConfigurationPropertiesRebinderAutoConfiguration' of type [org.springframework.cloud.autoconfigure.ConfigurationPropertiesRebinderAutoConfiguration] is not eligible for getting processed by all BeanPostProcessors (for example: not eligible for auto-proxying)
2021-07-29 17:02:37.889 [main] INFO  com.housekeeping.im.HousekeepingIMApplication - No active profile set, falling back to default profiles: default
2021-07-29 17:02:39.365 [main] INFO  o.s.d.r.config.RepositoryConfigurationDelegate - Multiple Spring Data modules found, entering strict repository configuration mode!
2021-07-29 17:02:39.369 [main] INFO  o.s.d.r.config.RepositoryConfigurationDelegate - Bootstrapping Spring Data Redis repositories in DEFAULT mode.
2021-07-29 17:02:39.405 [main] INFO  o.s.d.r.config.RepositoryConfigurationDelegate - Finished Spring Data repository scanning in 18ms. Found 0 Redis repository interfaces.
2021-07-29 17:02:39.956 [main] INFO  o.springframework.cloud.context.scope.GenericScope - BeanFactory id=d27b08f1-0a6d-3a8b-aa97-463886e4556d
2021-07-29 17:02:40.227 [main] INFO  c.u.j.c.EnableEncryptablePropertiesBeanFactoryPostProcessor - Post-processing PropertySource instances
2021-07-29 17:02:40.284 [main] INFO  c.u.j.c.EnableEncryptablePropertiesBeanFactoryPostProcessor - Converting PropertySource configurationProperties [org.springframework.boot.context.properties.source.ConfigurationPropertySourcesPropertySource] to AOP Proxy
2021-07-29 17:02:40.284 [main] INFO  c.u.j.c.EnableEncryptablePropertiesBeanFactoryPostProcessor - Converting PropertySource servletConfigInitParams [org.springframework.core.env.PropertySource$StubPropertySource] to EncryptablePropertySourceWrapper
2021-07-29 17:02:40.285 [main] INFO  c.u.j.c.EnableEncryptablePropertiesBeanFactoryPostProcessor - Converting PropertySource servletContextInitParams [org.springframework.core.env.PropertySource$StubPropertySource] to EncryptablePropertySourceWrapper
2021-07-29 17:02:40.285 [main] INFO  c.u.j.c.EnableEncryptablePropertiesBeanFactoryPostProcessor - Converting PropertySource systemProperties [org.springframework.core.env.PropertiesPropertySource] to EncryptableMapPropertySourceWrapper
2021-07-29 17:02:40.285 [main] INFO  c.u.j.c.EnableEncryptablePropertiesBeanFactoryPostProcessor - Converting PropertySource systemEnvironment [org.springframework.boot.env.SystemEnvironmentPropertySourceEnvironmentPostProcessor$OriginAwareSystemEnvironmentPropertySource] to EncryptableMapPropertySourceWrapper
2021-07-29 17:02:40.285 [main] INFO  c.u.j.c.EnableEncryptablePropertiesBeanFactoryPostProcessor - Converting PropertySource random [org.springframework.boot.env.RandomValuePropertySource] to EncryptablePropertySourceWrapper
2021-07-29 17:02:40.285 [main] INFO  c.u.j.c.EnableEncryptablePropertiesBeanFactoryPostProcessor - Converting PropertySource springCloudClientHostInfo [org.springframework.core.env.MapPropertySource] to EncryptableMapPropertySourceWrapper
2021-07-29 17:02:40.286 [main] INFO  c.u.j.c.EnableEncryptablePropertiesBeanFactoryPostProcessor - Converting PropertySource applicationConfig: [classpath:/application.yml] [org.springframework.boot.env.OriginTrackedMapPropertySource] to EncryptableMapPropertySourceWrapper
2021-07-29 17:02:40.286 [main] INFO  c.u.j.c.EnableEncryptablePropertiesBeanFactoryPostProcessor - Converting PropertySource springCloudDefaultProperties [org.springframework.core.env.MapPropertySource] to EncryptableMapPropertySourceWrapper
2021-07-29 17:02:40.427 [main] INFO  o.s.c.s.PostProcessorRegistrationDelegate$BeanPostProcessorChecker - Bean 'org.springframework.transaction.annotation.ProxyTransactionManagementConfiguration' of type [org.springframework.transaction.annotation.ProxyTransactionManagementConfiguration] is not eligible for getting processed by all BeanPostProcessors (for example: not eligible for auto-proxying)
2021-07-29 17:02:40.753 [main] INFO  o.s.c.s.PostProcessorRegistrationDelegate$BeanPostProcessorChecker - Bean 'spring.datasource.dynamic-com.baomidou.dynamic.datasource.spring.boot.autoconfigure.DynamicDataSourceProperties' of type [com.baomidou.dynamic.datasource.spring.boot.autoconfigure.DynamicDataSourceProperties] is not eligible for getting processed by all BeanPostProcessors (for example: not eligible for auto-proxying)
2021-07-29 17:02:40.757 [main] INFO  o.s.c.s.PostProcessorRegistrationDelegate$BeanPostProcessorChecker - Bean 'com.baomidou.dynamic.datasource.spring.boot.autoconfigure.DynamicDataSourceAutoConfiguration' of type [com.baomidou.dynamic.datasource.spring.boot.autoconfigure.DynamicDataSourceAutoConfiguration$$EnhancerBySpringCGLIB$$270a5157] is not eligible for getting processed by all BeanPostProcessors (for example: not eligible for auto-proxying)
2021-07-29 17:02:40.767 [main] INFO  o.s.c.s.PostProcessorRegistrationDelegate$BeanPostProcessorChecker - Bean 'dynamicDataSourceSpelParser' of type [com.baomidou.dynamic.datasource.spel.DefaultDynamicDataSourceSpelParser] is not eligible for getting processed by all BeanPostProcessors (for example: not eligible for auto-proxying)
2021-07-29 17:02:40.771 [main] INFO  o.s.c.s.PostProcessorRegistrationDelegate$BeanPostProcessorChecker - Bean 'dynamicDataSourceSpelResolver' of type [com.baomidou.dynamic.datasource.spel.DefaultDynamicDataSourceSpelResolver] is not eligible for getting processed by all BeanPostProcessors (for example: not eligible for auto-proxying)
2021-07-29 17:02:40.778 [main] INFO  o.s.c.s.PostProcessorRegistrationDelegate$BeanPostProcessorChecker - Bean 'dynamicDatasourceAnnotationAdvisor' of type [com.baomidou.dynamic.datasource.aop.DynamicDataSourceAnnotationAdvisor] is not eligible for getting processed by all BeanPostProcessors (for example: not eligible for auto-proxying)
2021-07-29 17:02:40.797 [main] INFO  o.s.c.s.PostProcessorRegistrationDelegate$BeanPostProcessorChecker - Bean 'com.housekeeping.common.config.RedisConfig' of type [com.housekeeping.common.config.RedisConfig$$EnhancerBySpringCGLIB$$38352c1b] is not eligible for getting processed by all BeanPostProcessors (for example: not eligible for auto-proxying)
2021-07-29 17:02:40.843 [main] INFO  o.s.c.s.PostProcessorRegistrationDelegate$BeanPostProcessorChecker - Bean 'org.springframework.cloud.autoconfigure.ConfigurationPropertiesRebinderAutoConfiguration' of type [org.springframework.cloud.autoconfigure.ConfigurationPropertiesRebinderAutoConfiguration] is not eligible for getting processed by all BeanPostProcessors (for example: not eligible for auto-proxying)
2021-07-29 17:02:41.024 [main] INFO  c.u.j.resolver.DefaultLazyPropertyResolver - Property Resolver custom Bean not found with name 'encryptablePropertyResolver'. Initializing Default Property Resolver
2021-07-29 17:02:41.029 [main] INFO  c.u.j.detector.DefaultLazyPropertyDetector - Property Detector custom Bean not found with name 'encryptablePropertyDetector'. Initializing Default Property Detector
2021-07-29 17:02:41.627 [main] INFO  o.s.boot.web.embedded.tomcat.TomcatWebServer - Tomcat initialized with port(s): 8282 (http)
2021-07-29 17:02:41.639 [main] INFO  org.apache.coyote.http11.Http11NioProtocol - Initializing ProtocolHandler ["http-nio-8282"]
2021-07-29 17:02:41.640 [main] INFO  org.apache.catalina.core.StandardService - Starting service [Tomcat]
2021-07-29 17:02:41.640 [main] INFO  org.apache.catalina.core.StandardEngine - Starting Servlet engine: [Apache Tomcat/9.0.29]
2021-07-29 17:02:41.729 [main] INFO  o.a.c.core.ContainerBase.[Tomcat].[localhost].[/] - Initializing Spring embedded WebApplicationContext
2021-07-29 17:02:41.729 [main] INFO  org.springframework.web.context.ContextLoader - Root WebApplicationContext: initialization completed in 3809 ms
2021-07-29 17:02:41.887 [main] INFO  com.netflix.config.sources.URLConfigurationSource - To enable URLs as dynamic configuration sources, define System property archaius.configurationSource.additionalUrls or make config.properties available on classpath.
2021-07-29 17:02:41.908 [main] INFO  com.netflix.config.DynamicPropertyFactory - DynamicPropertyFactory is initialized with configuration sources: com.netflix.config.ConcurrentCompositeConfiguration@25f4878b
2021-07-29 17:02:42.201 [main] INFO  c.b.dynamic.datasource.DynamicDataSourceCreator - 动态数据源-检测到druid存在,如配置中未指定type,druid会默认配置
2021-07-29 17:02:42.209 [main] INFO  c.b.dynamic.datasource.DynamicRoutingDataSource - 初始共加载 0 个数据源
2021-07-29 17:02:42.252 [main] INFO  org.apache.catalina.core.StandardService - Stopping service [Tomcat]
2021-07-29 17:02:42.363 [main] INFO  o.s.b.a.l.ConditionEvaluationReportLoggingListener - 

Error starting ApplicationContext. To display the conditions report re-run your application with 'debug' enabled.
