2020-12-18 14:35:56.647  INFO 3008 --- [main] c.h.g.HousekeepingGatewayApplication     : No active profile set, falling back to default profiles: default
2020-12-18 14:35:57.874  INFO 3008 --- [main] .s.d.r.c.RepositoryConfigurationDelegate : Multiple Spring Data modules found, entering strict repository configuration mode!
2020-12-18 14:35:57.878  INFO 3008 --- [main] .s.d.r.c.RepositoryConfigurationDelegate : Bootstrapping Spring Data Redis repositories in DEFAULT mode.
2020-12-18 14:35:57.904  INFO 3008 --- [main] .s.d.r.c.RepositoryConfigurationDelegate : Finished Spring Data repository scanning in 8ms. Found 0 Redis repository interfaces.
2020-12-18 14:35:57.988  WARN 3008 --- [main] o.s.boot.actuate.endpoint.EndpointId     : Endpoint ID 'service-registry' contains invalid characters, please migrate to a valid format.
2020-12-18 14:35:58.000  WARN 3008 --- [main] o.s.boot.actuate.endpoint.EndpointId     : Endpoint ID 'hystrix.stream' contains invalid characters, please migrate to a valid format.
2020-12-18 14:35:58.099  WARN 3008 --- [main] o.m.s.mapper.ClassPathMapperScanner      : No MyBatis mapper was found in '[com.housekeeping.gateway]' package. Please check your configuration.
2020-12-18 14:35:58.182  INFO 3008 --- [main] o.s.cloud.context.scope.GenericScope     : BeanFactory id=7adb0a46-1abe-3adb-8f5b-da862a966fe2
2020-12-18 14:35:58.426  INFO 3008 --- [main] trationDelegate$BeanPostProcessorChecker : Bean 'org.springframework.transaction.annotation.ProxyTransactionManagementConfiguration' of type [org.springframework.transaction.annotation.ProxyTransactionManagementConfiguration] is not eligible for getting processed by all BeanPostProcessors (for example: not eligible for auto-proxying)
2020-12-18 14:35:58.716  INFO 3008 --- [main] trationDelegate$BeanPostProcessorChecker : Bean 'com.housekeeping.common.config.RedisConfig' of type [com.housekeeping.common.config.RedisConfig$$EnhancerBySpringCGLIB$$2a139dcf] is not eligible for getting processed by all BeanPostProcessors (for example: not eligible for auto-proxying)
2020-12-18 14:35:58.770  INFO 3008 --- [main] trationDelegate$BeanPostProcessorChecker : Bean 'org.springframework.cloud.autoconfigure.ConfigurationPropertiesRebinderAutoConfiguration' of type [org.springframework.cloud.autoconfigure.ConfigurationPropertiesRebinderAutoConfiguration] is not eligible for getting processed by all BeanPostProcessors (for example: not eligible for auto-proxying)
2020-12-18 14:35:59.094  INFO 3008 --- [main] o.s.b.w.embedded.tomcat.TomcatWebServer  : Tomcat initialized with port(s): 10010 (http)
2020-12-18 14:35:59.110  INFO 3008 --- [main] o.apache.catalina.core.StandardService   : Starting service [Tomcat]
2020-12-18 14:35:59.111  INFO 3008 --- [main] org.apache.catalina.core.StandardEngine  : Starting Servlet engine: [Apache Tomcat/9.0.29]
2020-12-18 14:35:59.249  INFO 3008 --- [main] o.a.c.c.C.[Tomcat].[localhost].[/]       : Initializing Spring embedded WebApplicationContext
2020-12-18 14:35:59.250  INFO 3008 --- [main] o.s.web.context.ContextLoader            : Root WebApplicationContext: initialization completed in 2576 ms
2020-12-18 14:35:59.361  WARN 3008 --- [main] c.n.c.sources.URLConfigurationSource     : No URLs will be polled as dynamic configuration sources.
2020-12-18 14:35:59.362  INFO 3008 --- [main] c.n.c.sources.URLConfigurationSource     : To enable URLs as dynamic configuration sources, define System property archaius.configurationSource.additionalUrls or make config.properties available on classpath.
2020-12-18 14:35:59.376  INFO 3008 --- [main] c.netflix.config.DynamicPropertyFactory  : DynamicPropertyFactory is initialized with configuration sources: com.netflix.config.ConcurrentCompositeConfiguration@59d5c537
2020-12-18 14:36:00.768  INFO 3008 --- [main] o.s.b.a.e.web.EndpointLinksResolver      : Exposing 2 endpoint(s) beneath base path '/actuator'
2020-12-18 14:36:00.843  INFO 3008 --- [main] c.h.gateway.filter.LoginFilter           : 过滤器实例化
2020-12-18 14:36:00.990  INFO 3008 --- [main] o.s.c.n.eureka.InstanceInfoFactory       : Setting initial instance status as: STARTING
2020-12-18 14:36:01.021  INFO 3008 --- [main] com.netflix.discovery.DiscoveryClient    : Initializing Eureka in region us-east-1
2020-12-18 14:36:01.256  INFO 3008 --- [main] c.n.d.provider.DiscoveryJerseyProvider   : Using JSON encoding codec LegacyJacksonJson
2020-12-18 14:36:01.256  INFO 3008 --- [main] c.n.d.provider.DiscoveryJerseyProvider   : Using JSON decoding codec LegacyJacksonJson
2020-12-18 14:36:01.386  INFO 3008 --- [main] c.n.d.provider.DiscoveryJerseyProvider   : Using XML encoding codec XStreamXml
2020-12-18 14:36:01.386  INFO 3008 --- [main] c.n.d.provider.DiscoveryJerseyProvider   : Using XML decoding codec XStreamXml
2020-12-18 14:36:01.581  INFO 3008 --- [main] c.n.d.s.r.aws.ConfigClusterResolver      : Resolving eureka endpoints via configuration
2020-12-18 14:36:01.622  INFO 3008 --- [main] com.netflix.discovery.DiscoveryClient    : Disable delta property : false
2020-12-18 14:36:01.622  INFO 3008 --- [main] com.netflix.discovery.DiscoveryClient    : Single vip registry refresh property : null
2020-12-18 14:36:01.622  INFO 3008 --- [main] com.netflix.discovery.DiscoveryClient    : Force full registry fetch : false
2020-12-18 14:36:01.622  INFO 3008 --- [main] com.netflix.discovery.DiscoveryClient    : Application is null : false
2020-12-18 14:36:01.622  INFO 3008 --- [main] com.netflix.discovery.DiscoveryClient    : Registered Applications size is zero : true
2020-12-18 14:36:01.622  INFO 3008 --- [main] com.netflix.discovery.DiscoveryClient    : Application version is -1: true
2020-12-18 14:36:01.622  INFO 3008 --- [main] com.netflix.discovery.DiscoveryClient    : Getting all instance registry info from the eureka server
2020-12-18 14:36:01.754  INFO 16780 --- [main] c.h.admin.HousekeepingAdminApplication   : No active profile set, falling back to default profiles: default
2020-12-18 14:36:01.801  INFO 3008 --- [main] com.netflix.discovery.DiscoveryClient    : The response status is 200
2020-12-18 14:36:01.802  INFO 3008 --- [main] com.netflix.discovery.DiscoveryClient    : Starting heartbeat executor: renew interval is: 30
2020-12-18 14:36:01.805  INFO 3008 --- [main] c.n.discovery.InstanceInfoReplicator     : InstanceInfoReplicator onDemand update allowed rate per min is 4
2020-12-18 14:36:01.808  INFO 3008 --- [main] com.netflix.discovery.DiscoveryClient    : Discovery Client initialized at timestamp 1608273361807 with initial instances count: 0
2020-12-18 14:36:01.999  INFO 3008 --- [main] pertySourcedRequestMappingHandlerMapping : Mapped URL path [/v2/api-docs] onto method [springfox.documentation.swagger2.web.Swagger2Controller#getDocumentation(String, HttpServletRequest)]
2020-12-18 14:36:02.014  WARN 3008 --- [main] c.n.c.sources.URLConfigurationSource     : No URLs will be polled as dynamic configuration sources.
2020-12-18 14:36:02.014  INFO 3008 --- [main] c.n.c.sources.URLConfigurationSource     : To enable URLs as dynamic configuration sources, define System property archaius.configurationSource.additionalUrls or make config.properties available on classpath.
2020-12-18 14:36:02.152  INFO 3008 --- [main] o.s.s.concurrent.ThreadPoolTaskExecutor  : Initializing ExecutorService 'applicationTaskExecutor'
2020-12-18 14:36:02.771  INFO 16780 --- [main] .s.d.r.c.RepositoryConfigurationDelegate : Multiple Spring Data modules found, entering strict repository configuration mode!
2020-12-18 14:36:02.773  INFO 16780 --- [main] .s.d.r.c.RepositoryConfigurationDelegate : Bootstrapping Spring Data Redis repositories in DEFAULT mode.
2020-12-18 14:36:02.803  INFO 16780 --- [main] .s.d.r.c.RepositoryConfigurationDelegate : Finished Spring Data repository scanning in 19ms. Found 0 Redis repository interfaces.
2020-12-18 14:36:02.899  WARN 16780 --- [main] o.s.boot.actuate.endpoint.EndpointId     : Endpoint ID 'service-registry' contains invalid characters, please migrate to a valid format.
2020-12-18 14:36:02.970  WARN 3008 --- [main] ockingLoadBalancerClientRibbonWarnLogger : You already have RibbonLoadBalancerClient on your classpath. It will be used by default. As Spring Cloud Ribbon is in maintenance mode. We recommend switching to BlockingLoadBalancerClient instead. In order to use it, set the value of `spring.cloud.loadbalancer.ribbon.enabled` to `false` or remove spring-cloud-starter-netflix-ribbon from your project.
2020-12-18 14:36:03.004  WARN 3008 --- [main] iguration$LoadBalancerCaffeineWarnLogger : Spring Cloud LoadBalancer is currently working with default default cache. You can switch to using Caffeine cache, by adding it to the classpath.
2020-12-18 14:36:03.045  INFO 16780 --- [main] o.s.cloud.context.scope.GenericScope     : BeanFactory id=bdae3c9c-6eef-32ff-8374-60c09c339d78
2020-12-18 14:36:03.051  INFO 3008 --- [main] o.s.c.n.zuul.ZuulFilterInitializer       : Starting filter initializer
2020-12-18 14:36:03.196  INFO 3008 --- [main] o.s.c.n.e.s.EurekaServiceRegistry        : Registering application GATEWAY with eureka with status UP
2020-12-18 14:36:03.197  INFO 3008 --- [main] com.netflix.discovery.DiscoveryClient    : Saw local status change event StatusChangeEvent [timestamp=1608273363197, current=UP, previous=STARTING]
2020-12-18 14:36:03.201  INFO 3008 --- [DiscoveryClient-InstanceInfoReplicator-0] com.netflix.discovery.DiscoveryClient    : DiscoveryClient_GATEWAY/DESKTOP-QE1B4J1:gateway:10010: registering service...
2020-12-18 14:36:03.202  INFO 3008 --- [main] d.s.w.p.DocumentationPluginsBootstrapper : Context refreshed
2020-12-18 14:36:03.237  INFO 3008 --- [main] d.s.w.p.DocumentationPluginsBootstrapper : Found 1 custom documentation plugin(s)
2020-12-18 14:36:03.317  INFO 3008 --- [main] s.d.s.w.s.ApiListingReferenceScanner     : Scanning for api listing references
2020-12-18 14:36:03.356  INFO 3008 --- [DiscoveryClient-InstanceInfoReplicator-0] com.netflix.discovery.DiscoveryClient    : DiscoveryClient_GATEWAY/DESKTOP-QE1B4J1:gateway:10010 - registration status: 204
2020-12-18 14:36:03.387  INFO 16780 --- [main] trationDelegate$BeanPostProcessorChecker : Bean 'org.springframework.transaction.annotation.ProxyTransactionManagementConfiguration' of type [org.springframework.transaction.annotation.ProxyTransactionManagementConfiguration] is not eligible for getting processed by all BeanPostProcessors (for example: not eligible for auto-proxying)
2020-12-18 14:36:03.509  INFO 3008 --- [main] .d.s.w.r.o.CachingOperationNameGenerator : Generating unique operation named: handleUsingGET_1
2020-12-18 14:36:03.510  INFO 3008 --- [main] .d.s.w.r.o.CachingOperationNameGenerator : Generating unique operation named: handleUsingGET_2
2020-12-18 14:36:03.516  INFO 16780 --- [main] trationDelegate$BeanPostProcessorChecker : Bean 'com.housekeeping.common.config.RedisConfig' of type [com.housekeeping.common.config.RedisConfig$$EnhancerBySpringCGLIB$$e3a0c4d9] is not eligible for getting processed by all BeanPostProcessors (for example: not eligible for auto-proxying)
2020-12-18 14:36:03.589  INFO 3008 --- [main] o.s.b.w.embedded.tomcat.TomcatWebServer  : Tomcat started on port(s): 10010 (http) with context path ''
2020-12-18 14:36:03.590  INFO 3008 --- [main] .s.c.n.e.s.EurekaAutoServiceRegistration : Updating port to 10010
2020-12-18 14:36:03.610  INFO 16780 --- [main] trationDelegate$BeanPostProcessorChecker : Bean 'org.springframework.cloud.autoconfigure.ConfigurationPropertiesRebinderAutoConfiguration' of type [org.springframework.cloud.autoconfigure.ConfigurationPropertiesRebinderAutoConfiguration] is not eligible for getting processed by all BeanPostProcessors (for example: not eligible for auto-proxying)
2020-12-18 14:36:03.642  INFO 3008 --- [main] c.h.g.HousekeepingGatewayApplication     : Started HousekeepingGatewayApplication in 8.104 seconds (JVM running for 8.815)
2020-12-18 14:36:03.827  INFO 16780 --- [main] o.s.b.w.embedded.tomcat.TomcatWebServer  : Tomcat initialized with port(s): 8081 (http)
2020-12-18 14:36:03.834  INFO 16780 --- [main] o.apache.catalina.core.StandardService   : Starting service [Tomcat]
2020-12-18 14:36:03.834  INFO 16780 --- [main] org.apache.catalina.core.StandardEngine  : Starting Servlet engine: [Apache Tomcat/9.0.29]
2020-12-18 14:36:03.926  INFO 16780 --- [main] o.a.c.c.C.[Tomcat].[localhost].[/]       : Initializing Spring embedded WebApplicationContext
2020-12-18 14:36:03.926  INFO 16780 --- [main] o.s.web.context.ContextLoader            : Root WebApplicationContext: initialization completed in 2158 ms
2020-12-18 14:36:04.005  WARN 16780 --- [main] c.n.c.sources.URLConfigurationSource     : No URLs will be polled as dynamic configuration sources.
2020-12-18 14:36:04.005  INFO 16780 --- [main] c.n.c.sources.URLConfigurationSource     : To enable URLs as dynamic configuration sources, define System property archaius.configurationSource.additionalUrls or make config.properties available on classpath.
2020-12-18 14:36:04.012  INFO 16780 --- [main] c.netflix.config.DynamicPropertyFactory  : DynamicPropertyFactory is initialized with configuration sources: com.netflix.config.ConcurrentCompositeConfiguration@697a92af
2020-12-18 14:36:04.882  WARN 16780 --- [main] c.b.m.core.injector.AbstractMethod       : [com.housekeeping.admin.mapper.CompanyDetailsMapper.updateById] Has been loaded by XML or SqlProvider or Mybatis's Annotation, so ignoring this injection for [class com.baomidou.mybatisplus.core.injector.methods.UpdateById]
2020-12-18 14:36:05.811  WARN 16780 --- [main] c.b.m.core.metadata.TableInfoHelper      : Warn: Could not find @TableId in Class: com.housekeeping.admin.entity.SysForeignCurrency.
2020-12-18 14:36:06.091  INFO 16780 --- [main] o.s.b.a.e.web.EndpointLinksResolver      : Exposing 2 endpoint(s) beneath base path '/actuator'
2020-12-18 14:36:06.161  INFO 16780 --- [main] pertySourcedRequestMappingHandlerMapping : Mapped URL path [/v2/api-docs] onto method [springfox.documentation.swagger2.web.Swagger2Controller#getDocumentation(String, HttpServletRequest)]
2020-12-18 14:36:06.185  WARN 16780 --- [main] c.n.c.sources.URLConfigurationSource     : No URLs will be polled as dynamic configuration sources.
2020-12-18 14:36:06.185  INFO 16780 --- [main] c.n.c.sources.URLConfigurationSource     : To enable URLs as dynamic configuration sources, define System property archaius.configurationSource.additionalUrls or make config.properties available on classpath.
2020-12-18 14:36:06.297  INFO 16780 --- [main] o.s.s.concurrent.ThreadPoolTaskExecutor  : Initializing ExecutorService 'applicationTaskExecutor'
2020-12-18 14:36:06.809  INFO 3008 --- [DiscoveryClient-CacheRefreshExecutor-0] com.netflix.discovery.DiscoveryClient    : Disable delta property : false
2020-12-18 14:36:06.809  INFO 3008 --- [DiscoveryClient-CacheRefreshExecutor-0] com.netflix.discovery.DiscoveryClient    : Single vip registry refresh property : null
2020-12-18 14:36:06.809  INFO 3008 --- [DiscoveryClient-CacheRefreshExecutor-0] com.netflix.discovery.DiscoveryClient    : Force full registry fetch : false
2020-12-18 14:36:06.809  INFO 3008 --- [DiscoveryClient-CacheRefreshExecutor-0] com.netflix.discovery.DiscoveryClient    : Application is null : false
2020-12-18 14:36:06.809  INFO 3008 --- [DiscoveryClient-CacheRefreshExecutor-0] com.netflix.discovery.DiscoveryClient    : Registered Applications size is zero : true
2020-12-18 14:36:06.809  INFO 3008 --- [DiscoveryClient-CacheRefreshExecutor-0] com.netflix.discovery.DiscoveryClient    : Application version is -1: false
2020-12-18 14:36:06.810  INFO 3008 --- [DiscoveryClient-CacheRefreshExecutor-0] com.netflix.discovery.DiscoveryClient    : Getting all instance registry info from the eureka server
2020-12-18 14:36:06.826  INFO 3008 --- [DiscoveryClient-CacheRefreshExecutor-0] com.netflix.discovery.DiscoveryClient    : The response status is 200
2020-12-18 14:36:06.875  WARN 16780 --- [main] ockingLoadBalancerClientRibbonWarnLogger : You already have RibbonLoadBalancerClient on your classpath. It will be used by default. As Spring Cloud Ribbon is in maintenance mode. We recommend switching to BlockingLoadBalancerClient instead. In order to use it, set the value of `spring.cloud.loadbalancer.ribbon.enabled` to `false` or remove spring-cloud-starter-netflix-ribbon from your project.
2020-12-18 14:36:06.902  WARN 16780 --- [main] iguration$LoadBalancerCaffeineWarnLogger : Spring Cloud LoadBalancer is currently working with default default cache. You can switch to using Caffeine cache, by adding it to the classpath.
2020-12-18 14:36:07.044  INFO 16780 --- [main] o.s.c.n.eureka.InstanceInfoFactory       : Setting initial instance status as: STARTING
2020-12-18 14:36:07.070  INFO 16780 --- [main] com.netflix.discovery.DiscoveryClient    : Initializing Eureka in region us-east-1
2020-12-18 14:36:07.110  INFO 16780 --- [main] c.n.d.provider.DiscoveryJerseyProvider   : Using JSON encoding codec LegacyJacksonJson
2020-12-18 14:36:07.111  INFO 16780 --- [main] c.n.d.provider.DiscoveryJerseyProvider   : Using JSON decoding codec LegacyJacksonJson
2020-12-18 14:36:07.242  INFO 16780 --- [main] c.n.d.provider.DiscoveryJerseyProvider   : Using XML encoding codec XStreamXml
2020-12-18 14:36:07.242  INFO 16780 --- [main] c.n.d.provider.DiscoveryJerseyProvider   : Using XML decoding codec XStreamXml
2020-12-18 14:36:07.509  INFO 16780 --- [main] c.n.d.s.r.aws.ConfigClusterResolver      : Resolving eureka endpoints via configuration
2020-12-18 14:36:07.559  INFO 16780 --- [main] com.netflix.discovery.DiscoveryClient    : Disable delta property : false
2020-12-18 14:36:07.559  INFO 16780 --- [main] com.netflix.discovery.DiscoveryClient    : Single vip registry refresh property : null
2020-12-18 14:36:07.559  INFO 16780 --- [main] com.netflix.discovery.DiscoveryClient    : Force full registry fetch : false
2020-12-18 14:36:07.559  INFO 16780 --- [main] com.netflix.discovery.DiscoveryClient    : Application is null : false
2020-12-18 14:36:07.560  INFO 16780 --- [main] com.netflix.discovery.DiscoveryClient    : Registered Applications size is zero : true
2020-12-18 14:36:07.560  INFO 16780 --- [main] com.netflix.discovery.DiscoveryClient    : Application version is -1: true
2020-12-18 14:36:07.560  INFO 16780 --- [main] com.netflix.discovery.DiscoveryClient    : Getting all instance registry info from the eureka server
2020-12-18 14:36:07.689  INFO 16780 --- [main] com.netflix.discovery.DiscoveryClient    : The response status is 200
2020-12-18 14:36:07.692  INFO 16780 --- [main] com.netflix.discovery.DiscoveryClient    : Starting heartbeat executor: renew interval is: 5
2020-12-18 14:36:07.696  INFO 16780 --- [main] c.n.discovery.InstanceInfoReplicator     : InstanceInfoReplicator onDemand update allowed rate per min is 4
2020-12-18 14:36:07.703  INFO 16780 --- [main] com.netflix.discovery.DiscoveryClient    : Discovery Client initialized at timestamp 1608273367701 with initial instances count: 0
2020-12-18 14:36:07.709  INFO 16780 --- [main] o.s.c.n.e.s.EurekaServiceRegistry        : Registering application ADMIN-SERVICE with eureka with status UP
2020-12-18 14:36:07.710  INFO 16780 --- [main] com.netflix.discovery.DiscoveryClient    : Saw local status change event StatusChangeEvent [timestamp=1608273367710, current=UP, previous=STARTING]
2020-12-18 14:36:07.715  INFO 16780 --- [main] d.s.w.p.DocumentationPluginsBootstrapper : Context refreshed
2020-12-18 14:36:07.716  INFO 16780 --- [DiscoveryClient-InstanceInfoReplicator-0] com.netflix.discovery.DiscoveryClient    : DiscoveryClient_ADMIN-SERVICE/DESKTOP-QE1B4J1:admin-service:8081: registering service...
2020-12-18 14:36:07.774  INFO 16780 --- [main] d.s.w.p.DocumentationPluginsBootstrapper : Found 1 custom documentation plugin(s)
2020-12-18 14:36:07.831  INFO 16780 --- [DiscoveryClient-InstanceInfoReplicator-0] com.netflix.discovery.DiscoveryClient    : DiscoveryClient_ADMIN-SERVICE/DESKTOP-QE1B4J1:admin-service:8081 - registration status: 204
2020-12-18 14:36:07.841  INFO 16780 --- [main] s.d.s.w.s.ApiListingReferenceScanner     : Scanning for api listing references
2020-12-18 14:36:08.062  INFO 16780 --- [main] .d.s.w.r.o.CachingOperationNameGenerator : Generating unique operation named: verfifyAdminCodeUsingGET_1
2020-12-18 14:36:08.068  INFO 16780 --- [main] .d.s.w.r.o.CachingOperationNameGenerator : Generating unique operation named: getCompanyDetailsByUserIdUsingGET_1
2020-12-18 14:36:08.108  INFO 16780 --- [main] .d.s.w.r.o.CachingOperationNameGenerator : Generating unique operation named: getAllAdminUsingGET_1
2020-12-18 14:36:08.114  INFO 16780 --- [main] .d.s.w.r.o.CachingOperationNameGenerator : Generating unique operation named: verfifyAdminCodeUsingGET_2
2020-12-18 14:36:08.170  INFO 16780 --- [main] .d.s.w.r.o.CachingOperationNameGenerator : Generating unique operation named: saveEmpUsingPOST_1
2020-12-18 14:36:08.174  INFO 16780 --- [main] .d.s.w.r.o.CachingOperationNameGenerator : Generating unique operation named: uploadHeadUsingPOST_1
2020-12-18 14:36:08.178  WARN 16780 --- [main] s.d.s.w.r.p.ParameterDataTypeReader      : Trying to infer dataType java.util.List<com.housekeeping.admin.dto.EmployeesWorkExperienceDTO>
2020-12-18 14:36:08.193  INFO 16780 --- [main] .d.s.w.r.o.CachingOperationNameGenerator : Generating unique operation named: uploadLogoUsingPOST_1
2020-12-18 14:36:08.206  INFO 16780 --- [main] .d.s.w.r.o.CachingOperationNameGenerator : Generating unique operation named: addUsingPOST_1
2020-12-18 14:36:08.208  INFO 16780 --- [main] .d.s.w.r.o.CachingOperationNameGenerator : Generating unique operation named: deleteUsingDELETE_1
2020-12-18 14:36:08.210  INFO 16780 --- [main] .d.s.w.r.o.CachingOperationNameGenerator : Generating unique operation named: getAllEmpUsingGET_1
2020-12-18 14:36:08.212  INFO 16780 --- [main] .d.s.w.r.o.CachingOperationNameGenerator : Generating unique operation named: getAllEmpByIdUsingGET_1
2020-12-18 14:36:08.229  INFO 16780 --- [main] .d.s.w.r.o.CachingOperationNameGenerator : Generating unique operation named: deleteEmpUsingDELETE_1
2020-12-18 14:36:08.230  INFO 16780 --- [main] .d.s.w.r.o.CachingOperationNameGenerator : Generating unique operation named: getLinkToLoginUsingGET_1
2020-12-18 14:36:08.235  INFO 16780 --- [main] .d.s.w.r.o.CachingOperationNameGenerator : Generating unique operation named: page1UsingGET_1
2020-12-18 14:36:08.239  INFO 16780 --- [main] .d.s.w.r.o.CachingOperationNameGenerator : Generating unique operation named: page2UsingGET_1
2020-12-18 14:36:08.242  INFO 16780 --- [main] .d.s.w.r.o.CachingOperationNameGenerator : Generating unique operation named: saveEmpUsingPOST_2
2020-12-18 14:36:08.243  INFO 16780 --- [main] .d.s.w.r.o.CachingOperationNameGenerator : Generating unique operation named: updateEmpUsingPOST_1
2020-12-18 14:36:08.244  INFO 16780 --- [main] .d.s.w.r.o.CachingOperationNameGenerator : Generating unique operation named: uploadHeadUsingPOST_2
2020-12-18 14:36:08.255  INFO 16780 --- [main] .d.s.w.r.o.CachingOperationNameGenerator : Generating unique operation named: deleteUsingDELETE_2
2020-12-18 14:36:08.256  INFO 16780 --- [main] .d.s.w.r.o.CachingOperationNameGenerator : Generating unique operation named: getAllUsingGET_1
2020-12-18 14:36:08.264  INFO 16780 --- [main] .d.s.w.r.o.CachingOperationNameGenerator : Generating unique operation named: pageUsingGET_1
2020-12-18 14:36:08.286  INFO 16780 --- [main] o.s.a.r.c.CachingConnectionFactory       : Attempting to connect to: [47.56.146.107:5672]
2020-12-18 14:36:08.439  INFO 16780 --- [main] o.s.a.r.c.CachingConnectionFactory       : Created new connection: rabbitConnectionFactory#5315266:0/SimpleConnection@9751c9 [delegate=amqp://guest@47.56.146.107:5672/, localPort= 64114]
2020-12-18 14:36:08.799  INFO 16780 --- [main] o.s.b.w.embedded.tomcat.TomcatWebServer  : Tomcat started on port(s): 8081 (http) with context path ''
2020-12-18 14:36:08.801  INFO 16780 --- [main] .s.c.n.e.s.EurekaAutoServiceRegistration : Updating port to 8081
2020-12-18 14:36:08.834  INFO 16780 --- [main] c.h.admin.HousekeepingAdminApplication   : Started HousekeepingAdminApplication in 7.789 seconds (JVM running for 8.492)
2020-12-18 14:36:09.640  INFO 7572 --- [main] c.h.auth.HousekeepingAuthApplication     : No active profile set, falling back to default profiles: default
2020-12-18 14:36:10.189  INFO 7572 --- [main] .s.d.r.c.RepositoryConfigurationDelegate : Multiple Spring Data modules found, entering strict repository configuration mode!
2020-12-18 14:36:10.191  INFO 7572 --- [main] .s.d.r.c.RepositoryConfigurationDelegate : Bootstrapping Spring Data Redis repositories in DEFAULT mode.
2020-12-18 14:36:10.208  INFO 7572 --- [main] .s.d.r.c.RepositoryConfigurationDelegate : Finished Spring Data repository scanning in 9ms. Found 0 Redis repository interfaces.
2020-12-18 14:36:10.413  INFO 7572 --- [main] o.s.cloud.context.scope.GenericScope     : BeanFactory id=1ebfc815-3d8b-3329-bb39-921b47f454d5
2020-12-18 14:36:10.562  INFO 7572 --- [main] trationDelegate$BeanPostProcessorChecker : Bean 'org.springframework.transaction.annotation.ProxyTransactionManagementConfiguration' of type [org.springframework.transaction.annotation.ProxyTransactionManagementConfiguration] is not eligible for getting processed by all BeanPostProcessors (for example: not eligible for auto-proxying)
2020-12-18 14:36:10.642  INFO 7572 --- [main] trationDelegate$BeanPostProcessorChecker : Bean 'com.housekeeping.common.config.RedisConfig' of type [com.housekeeping.common.config.RedisConfig$$EnhancerBySpringCGLIB$$c491d9b2] is not eligible for getting processed by all BeanPostProcessors (for example: not eligible for auto-proxying)
2020-12-18 14:36:10.665  INFO 7572 --- [main] trationDelegate$BeanPostProcessorChecker : Bean 'org.springframework.cloud.autoconfigure.ConfigurationPropertiesRebinderAutoConfiguration' of type [org.springframework.cloud.autoconfigure.ConfigurationPropertiesRebinderAutoConfiguration] is not eligible for getting processed by all BeanPostProcessors (for example: not eligible for auto-proxying)
2020-12-18 14:36:10.875  INFO 7572 --- [main] o.s.b.w.embedded.tomcat.TomcatWebServer  : Tomcat initialized with port(s): 8091 (http)
2020-12-18 14:36:10.882  INFO 7572 --- [main] o.apache.catalina.core.StandardService   : Starting service [Tomcat]
2020-12-18 14:36:10.882  INFO 7572 --- [main] org.apache.catalina.core.StandardEngine  : Starting Servlet engine: [Apache Tomcat/9.0.29]
2020-12-18 14:36:10.963  INFO 7572 --- [main] o.a.c.c.C.[Tomcat].[localhost].[/]       : Initializing Spring embedded WebApplicationContext
2020-12-18 14:36:10.963  INFO 7572 --- [main] o.s.web.context.ContextLoader            : Root WebApplicationContext: initialization completed in 1313 ms
2020-12-18 14:36:11.701  INFO 7572 --- [main] pertySourcedRequestMappingHandlerMapping : Mapped URL path [/v2/api-docs] onto method [springfox.documentation.swagger2.web.Swagger2Controller#getDocumentation(String, HttpServletRequest)]
2020-12-18 14:36:11.721  WARN 7572 --- [main] c.n.c.sources.URLConfigurationSource     : No URLs will be polled as dynamic configuration sources.
2020-12-18 14:36:11.721  INFO 7572 --- [main] c.n.c.sources.URLConfigurationSource     : To enable URLs as dynamic configuration sources, define System property archaius.configurationSource.additionalUrls or make config.properties available on classpath.
2020-12-18 14:36:11.724  WARN 7572 --- [main] c.n.c.sources.URLConfigurationSource     : No URLs will be polled as dynamic configuration sources.
2020-12-18 14:36:11.724  INFO 7572 --- [main] c.n.c.sources.URLConfigurationSource     : To enable URLs as dynamic configuration sources, define System property archaius.configurationSource.additionalUrls or make config.properties available on classpath.
2020-12-18 14:36:11.831  INFO 7572 --- [main] o.s.s.concurrent.ThreadPoolTaskExecutor  : Initializing ExecutorService 'applicationTaskExecutor'
2020-12-18 14:36:11.836  INFO 3008 --- [DiscoveryClient-CacheRefreshExecutor-0] com.netflix.discovery.DiscoveryClient    : Disable delta property : false
2020-12-18 14:36:11.836  INFO 3008 --- [DiscoveryClient-CacheRefreshExecutor-0] com.netflix.discovery.DiscoveryClient    : Single vip registry refresh property : null
2020-12-18 14:36:11.836  INFO 3008 --- [DiscoveryClient-CacheRefreshExecutor-0] com.netflix.discovery.DiscoveryClient    : Force full registry fetch : false
2020-12-18 14:36:11.836  INFO 3008 --- [DiscoveryClient-CacheRefreshExecutor-0] com.netflix.discovery.DiscoveryClient    : Application is null : false
2020-12-18 14:36:11.836  INFO 3008 --- [DiscoveryClient-CacheRefreshExecutor-0] com.netflix.discovery.DiscoveryClient    : Registered Applications size is zero : true
2020-12-18 14:36:11.836  INFO 3008 --- [DiscoveryClient-CacheRefreshExecutor-0] com.netflix.discovery.DiscoveryClient    : Application version is -1: false
2020-12-18 14:36:11.836  INFO 3008 --- [DiscoveryClient-CacheRefreshExecutor-0] com.netflix.discovery.DiscoveryClient    : Getting all instance registry info from the eureka server
2020-12-18 14:36:11.853  INFO 3008 --- [DiscoveryClient-CacheRefreshExecutor-0] com.netflix.discovery.DiscoveryClient    : The response status is 200
2020-12-18 14:36:12.587  WARN 7572 --- [main] ockingLoadBalancerClientRibbonWarnLogger : You already have RibbonLoadBalancerClient on your classpath. It will be used by default. As Spring Cloud Ribbon is in maintenance mode. We recommend switching to BlockingLoadBalancerClient instead. In order to use it, set the value of `spring.cloud.loadbalancer.ribbon.enabled` to `false` or remove spring-cloud-starter-netflix-ribbon from your project.
2020-12-18 14:36:12.616  WARN 7572 --- [main] iguration$LoadBalancerCaffeineWarnLogger : Spring Cloud LoadBalancer is currently working with default default cache. You can switch to using Caffeine cache, by adding it to the classpath.
2020-12-18 14:36:12.753  INFO 7572 --- [main] o.s.c.n.eureka.InstanceInfoFactory       : Setting initial instance status as: STARTING
2020-12-18 14:36:12.777  INFO 7572 --- [main] com.netflix.discovery.DiscoveryClient    : Initializing Eureka in region us-east-1
2020-12-18 14:36:12.816  INFO 7572 --- [main] c.n.d.provider.DiscoveryJerseyProvider   : Using JSON encoding codec LegacyJacksonJson
2020-12-18 14:36:12.817  INFO 7572 --- [main] c.n.d.provider.DiscoveryJerseyProvider   : Using JSON decoding codec LegacyJacksonJson
2020-12-18 14:36:12.927  INFO 7572 --- [main] c.n.d.provider.DiscoveryJerseyProvider   : Using XML encoding codec XStreamXml
2020-12-18 14:36:12.927  INFO 7572 --- [main] c.n.d.provider.DiscoveryJerseyProvider   : Using XML decoding codec XStreamXml
2020-12-18 14:36:13.081  INFO 7572 --- [main] c.n.d.s.r.aws.ConfigClusterResolver      : Resolving eureka endpoints via configuration
2020-12-18 14:36:13.113  INFO 7572 --- [main] com.netflix.discovery.DiscoveryClient    : Disable delta property : false
2020-12-18 14:36:13.114  INFO 7572 --- [main] com.netflix.discovery.DiscoveryClient    : Single vip registry refresh property : null
2020-12-18 14:36:13.114  INFO 7572 --- [main] com.netflix.discovery.DiscoveryClient    : Force full registry fetch : false
2020-12-18 14:36:13.114  INFO 7572 --- [main] com.netflix.discovery.DiscoveryClient    : Application is null : false
2020-12-18 14:36:13.114  INFO 7572 --- [main] com.netflix.discovery.DiscoveryClient    : Registered Applications size is zero : true
2020-12-18 14:36:13.114  INFO 7572 --- [main] com.netflix.discovery.DiscoveryClient    : Application version is -1: true
2020-12-18 14:36:13.114  INFO 7572 --- [main] com.netflix.discovery.DiscoveryClient    : Getting all instance registry info from the eureka server
2020-12-18 14:36:13.313  INFO 7572 --- [main] com.netflix.discovery.DiscoveryClient    : The response status is 200
2020-12-18 14:36:13.315  INFO 7572 --- [main] com.netflix.discovery.DiscoveryClient    : Starting heartbeat executor: renew interval is: 5
2020-12-18 14:36:13.316  INFO 7572 --- [main] c.n.discovery.InstanceInfoReplicator     : InstanceInfoReplicator onDemand update allowed rate per min is 4
2020-12-18 14:36:13.319  INFO 7572 --- [main] com.netflix.discovery.DiscoveryClient    : Discovery Client initialized at timestamp 1608273373318 with initial instances count: 0
2020-12-18 14:36:13.323  INFO 7572 --- [main] o.s.c.n.e.s.EurekaServiceRegistry        : Registering application AUTH-SERVICE with eureka with status UP
2020-12-18 14:36:13.323  INFO 7572 --- [main] com.netflix.discovery.DiscoveryClient    : Saw local status change event StatusChangeEvent [timestamp=1608273373323, current=UP, previous=STARTING]
2020-12-18 14:36:13.325  INFO 7572 --- [DiscoveryClient-InstanceInfoReplicator-0] com.netflix.discovery.DiscoveryClient    : DiscoveryClient_AUTH-SERVICE/DESKTOP-QE1B4J1:auth-service:8091: registering service...
2020-12-18 14:36:13.325  INFO 7572 --- [main] d.s.w.p.DocumentationPluginsBootstrapper : Context refreshed
2020-12-18 14:36:13.339  INFO 7572 --- [main] d.s.w.p.DocumentationPluginsBootstrapper : Found 1 custom documentation plugin(s)
2020-12-18 14:36:13.364  INFO 7572 --- [main] s.d.s.w.s.ApiListingReferenceScanner     : Scanning for api listing references
2020-12-18 14:36:13.378  INFO 7572 --- [DiscoveryClient-InstanceInfoReplicator-0] com.netflix.discovery.DiscoveryClient    : DiscoveryClient_AUTH-SERVICE/DESKTOP-QE1B4J1:auth-service:8091 - registration status: 204
2020-12-18 14:36:13.448  INFO 7572 --- [main] .d.s.w.r.o.CachingOperationNameGenerator : Generating unique operation named: loginCUsingGET_1
2020-12-18 14:36:13.450  INFO 7572 --- [main] .d.s.w.r.o.CachingOperationNameGenerator : Generating unique operation named: loginAUsingGET_1
2020-12-18 14:36:13.453  INFO 7572 --- [main] .d.s.w.r.o.CachingOperationNameGenerator : Generating unique operation named: loginBUsingGET_1
2020-12-18 14:36:13.455  INFO 7572 --- [main] .d.s.w.r.o.CachingOperationNameGenerator : Generating unique operation named: loginCUsingGET_2
2020-12-18 14:36:13.457  INFO 7572 --- [main] .d.s.w.r.o.CachingOperationNameGenerator : Generating unique operation named: loginCUsingGET_3
2020-12-18 14:36:13.459  INFO 7572 --- [main] .d.s.w.r.o.CachingOperationNameGenerator : Generating unique operation named: loginAUsingGET_2
2020-12-18 14:36:13.461  INFO 7572 --- [main] .d.s.w.r.o.CachingOperationNameGenerator : Generating unique operation named: loginBUsingGET_2
2020-12-18 14:36:13.462  INFO 7572 --- [main] .d.s.w.r.o.CachingOperationNameGenerator : Generating unique operation named: loginCUsingGET_4
2020-12-18 14:36:13.464  INFO 7572 --- [main] .d.s.w.r.o.CachingOperationNameGenerator : Generating unique operation named: loginCUsingGET_5
2020-12-18 14:36:13.501  INFO 7572 --- [main] o.s.b.w.embedded.tomcat.TomcatWebServer  : Tomcat started on port(s): 8091 (http) with context path ''
2020-12-18 14:36:13.502  INFO 7572 --- [main] .s.c.n.e.s.EurekaAutoServiceRegistration : Updating port to 8091
2020-12-18 14:36:13.533  INFO 7572 --- [main] c.h.auth.HousekeepingAuthApplication     : Started HousekeepingAuthApplication in 4.56 seconds (JVM running for 5.12)
2020-12-18 14:36:16.857  INFO 3008 --- [DiscoveryClient-CacheRefreshExecutor-0] com.netflix.discovery.DiscoveryClient    : Disable delta property : false
2020-12-18 14:36:16.857  INFO 3008 --- [DiscoveryClient-CacheRefreshExecutor-0] com.netflix.discovery.DiscoveryClient    : Single vip registry refresh property : null
2020-12-18 14:36:16.857  INFO 3008 --- [DiscoveryClient-CacheRefreshExecutor-0] com.netflix.discovery.DiscoveryClient    : Force full registry fetch : false
2020-12-18 14:36:16.857  INFO 3008 --- [DiscoveryClient-CacheRefreshExecutor-0] com.netflix.discovery.DiscoveryClient    : Application is null : false
2020-12-18 14:36:16.857  INFO 3008 --- [DiscoveryClient-CacheRefreshExecutor-0] com.netflix.discovery.DiscoveryClient    : Registered Applications size is zero : true
2020-12-18 14:36:16.857  INFO 3008 --- [DiscoveryClient-CacheRefreshExecutor-0] com.netflix.discovery.DiscoveryClient    : Application version is -1: false
2020-12-18 14:36:16.857  INFO 3008 --- [DiscoveryClient-CacheRefreshExecutor-0] com.netflix.discovery.DiscoveryClient    : Getting all instance registry info from the eureka server
2020-12-18 14:36:16.874  INFO 3008 --- [DiscoveryClient-CacheRefreshExecutor-0] com.netflix.discovery.DiscoveryClient    : The response status is 200
2020-12-18 14:36:21.880  INFO 3008 --- [DiscoveryClient-CacheRefreshExecutor-0] com.netflix.discovery.DiscoveryClient    : Disable delta property : false
2020-12-18 14:36:21.880  INFO 3008 --- [DiscoveryClient-CacheRefreshExecutor-0] com.netflix.discovery.DiscoveryClient    : Single vip registry refresh property : null
2020-12-18 14:36:21.880  INFO 3008 --- [DiscoveryClient-CacheRefreshExecutor-0] com.netflix.discovery.DiscoveryClient    : Force full registry fetch : false
2020-12-18 14:36:21.880  INFO 3008 --- [DiscoveryClient-CacheRefreshExecutor-0] com.netflix.discovery.DiscoveryClient    : Application is null : false
2020-12-18 14:36:21.880  INFO 3008 --- [DiscoveryClient-CacheRefreshExecutor-0] com.netflix.discovery.DiscoveryClient    : Registered Applications size is zero : true
2020-12-18 14:36:21.880  INFO 3008 --- [DiscoveryClient-CacheRefreshExecutor-0] com.netflix.discovery.DiscoveryClient    : Application version is -1: false
2020-12-18 14:36:21.880  INFO 3008 --- [DiscoveryClient-CacheRefreshExecutor-0] com.netflix.discovery.DiscoveryClient    : Getting all instance registry info from the eureka server
2020-12-18 14:36:21.898  INFO 3008 --- [DiscoveryClient-CacheRefreshExecutor-0] com.netflix.discovery.DiscoveryClient    : The response status is 200
2020-12-18 14:36:26.911  INFO 3008 --- [DiscoveryClient-CacheRefreshExecutor-0] com.netflix.discovery.DiscoveryClient    : Disable delta property : false
2020-12-18 14:36:26.911  INFO 3008 --- [DiscoveryClient-CacheRefreshExecutor-0] com.netflix.discovery.DiscoveryClient    : Single vip registry refresh property : null
2020-12-18 14:36:26.911  INFO 3008 --- [DiscoveryClient-CacheRefreshExecutor-0] com.netflix.discovery.DiscoveryClient    : Force full registry fetch : false
2020-12-18 14:36:26.911  INFO 3008 --- [DiscoveryClient-CacheRefreshExecutor-0] com.netflix.discovery.DiscoveryClient    : Application is null : false
2020-12-18 14:36:26.911  INFO 3008 --- [DiscoveryClient-CacheRefreshExecutor-0] com.netflix.discovery.DiscoveryClient    : Registered Applications size is zero : true
2020-12-18 14:36:26.911  INFO 3008 --- [DiscoveryClient-CacheRefreshExecutor-0] com.netflix.discovery.DiscoveryClient    : Application version is -1: false
2020-12-18 14:36:26.911  INFO 3008 --- [DiscoveryClient-CacheRefreshExecutor-0] com.netflix.discovery.DiscoveryClient    : Getting all instance registry info from the eureka server
2020-12-18 14:36:26.927  INFO 3008 --- [DiscoveryClient-CacheRefreshExecutor-0] com.netflix.discovery.DiscoveryClient    : The response status is 200
2020-12-18 14:36:31.943  INFO 3008 --- [DiscoveryClient-CacheRefreshExecutor-0] com.netflix.discovery.DiscoveryClient    : Disable delta property : false
2020-12-18 14:36:31.944  INFO 3008 --- [DiscoveryClient-CacheRefreshExecutor-0] com.netflix.discovery.DiscoveryClient    : Single vip registry refresh property : null
2020-12-18 14:36:31.944  INFO 3008 --- [DiscoveryClient-CacheRefreshExecutor-0] com.netflix.discovery.DiscoveryClient    : Force full registry fetch : false
2020-12-18 14:36:31.944  INFO 3008 --- [DiscoveryClient-CacheRefreshExecutor-0] com.netflix.discovery.DiscoveryClient    : Application is null : false
2020-12-18 14:36:31.944  INFO 3008 --- [DiscoveryClient-CacheRefreshExecutor-0] com.netflix.discovery.DiscoveryClient    : Registered Applications size is zero : true
2020-12-18 14:36:31.944  INFO 3008 --- [DiscoveryClient-CacheRefreshExecutor-0] com.netflix.discovery.DiscoveryClient    : Application version is -1: false
2020-12-18 14:36:31.944  INFO 3008 --- [DiscoveryClient-CacheRefreshExecutor-0] com.netflix.discovery.DiscoveryClient    : Getting all instance registry info from the eureka server
2020-12-18 14:36:31.981  INFO 3008 --- [DiscoveryClient-CacheRefreshExecutor-0] com.netflix.discovery.DiscoveryClient    : The response status is 200
2020-12-18 14:36:37.707  INFO 16780 --- [DiscoveryClient-CacheRefreshExecutor-0] com.netflix.discovery.DiscoveryClient    : Disable delta property : false
2020-12-18 14:36:37.707  INFO 16780 --- [DiscoveryClient-CacheRefreshExecutor-0] com.netflix.discovery.DiscoveryClient    : Single vip registry refresh property : null
2020-12-18 14:36:37.707  INFO 16780 --- [DiscoveryClient-CacheRefreshExecutor-0] com.netflix.discovery.DiscoveryClient    : Force full registry fetch : false
2020-12-18 14:36:37.707  INFO 16780 --- [DiscoveryClient-CacheRefreshExecutor-0] com.netflix.discovery.DiscoveryClient    : Application is null : false
2020-12-18 14:36:37.708  INFO 16780 --- [DiscoveryClient-CacheRefreshExecutor-0] com.netflix.discovery.DiscoveryClient    : Registered Applications size is zero : true
2020-12-18 14:36:37.708  INFO 16780 --- [DiscoveryClient-CacheRefreshExecutor-0] com.netflix.discovery.DiscoveryClient    : Application version is -1: false
2020-12-18 14:36:37.708  INFO 16780 --- [DiscoveryClient-CacheRefreshExecutor-0] com.netflix.discovery.DiscoveryClient    : Getting all instance registry info from the eureka server
2020-12-18 14:36:37.746  INFO 16780 --- [DiscoveryClient-CacheRefreshExecutor-0] com.netflix.discovery.DiscoveryClient    : The response status is 200
2020-12-18 14:36:43.327  INFO 7572 --- [DiscoveryClient-CacheRefreshExecutor-0] com.netflix.discovery.DiscoveryClient    : Disable delta property : false
2020-12-18 14:36:43.328  INFO 7572 --- [DiscoveryClient-CacheRefreshExecutor-0] com.netflix.discovery.DiscoveryClient    : Single vip registry refresh property : null
2020-12-18 14:36:43.328  INFO 7572 --- [DiscoveryClient-CacheRefreshExecutor-0] com.netflix.discovery.DiscoveryClient    : Force full registry fetch : false
2020-12-18 14:36:43.328  INFO 7572 --- [DiscoveryClient-CacheRefreshExecutor-0] com.netflix.discovery.DiscoveryClient    : Application is null : false
2020-12-18 14:36:43.328  INFO 7572 --- [DiscoveryClient-CacheRefreshExecutor-0] com.netflix.discovery.DiscoveryClient    : Registered Applications size is zero : true
2020-12-18 14:36:43.328  INFO 7572 --- [DiscoveryClient-CacheRefreshExecutor-0] com.netflix.discovery.DiscoveryClient    : Application version is -1: false
2020-12-18 14:36:43.328  INFO 7572 --- [DiscoveryClient-CacheRefreshExecutor-0] com.netflix.discovery.DiscoveryClient    : Getting all instance registry info from the eureka server
2020-12-18 14:36:43.364  INFO 7572 --- [DiscoveryClient-CacheRefreshExecutor-0] com.netflix.discovery.DiscoveryClient    : The response status is 200
2020-12-18 14:37:03.021  INFO 3008 --- [http-nio-10010-exec-1] o.a.c.c.C.[Tomcat].[localhost].[/]       : Initializing Spring DispatcherServlet 'dispatcherServlet'
2020-12-18 14:37:03.021  INFO 3008 --- [http-nio-10010-exec-1] o.s.web.servlet.DispatcherServlet        : Initializing Servlet 'dispatcherServlet'
2020-12-18 14:37:03.029  INFO 3008 --- [http-nio-10010-exec-1] o.s.web.servlet.DispatcherServlet        : Completed initialization in 8 ms
2020-12-18 14:37:03.135  INFO 3008 --- [http-nio-10010-exec-1] c.netflix.config.ChainedDynamicProperty  : Flipping property: auth-service.ribbon.ActiveConnectionsLimit to use NEXT property: niws.loadbalancer.availabilityFilteringRule.activeConnectionsLimit = 2147483647
2020-12-18 14:37:03.142  INFO 3008 --- [http-nio-10010-exec-1] c.n.u.concurrent.ShutdownEnabledTimer    : Shutdown hook installed for: NFLoadBalancer-PingTimer-auth-service
2020-12-18 14:37:03.143  INFO 3008 --- [http-nio-10010-exec-1] c.netflix.loadbalancer.BaseLoadBalancer  : Client: auth-service instantiated a LoadBalancer: DynamicServerListLoadBalancer:{NFLoadBalancer:name=auth-service,current list of Servers=[],Load balancer stats=Zone stats: {},Server stats: []}ServerList:null
2020-12-18 14:37:03.147  INFO 3008 --- [http-nio-10010-exec-1] c.n.l.DynamicServerListLoadBalancer      : Using serverListUpdater PollingServerListUpdater
2020-12-18 14:37:03.155  INFO 3008 --- [http-nio-10010-exec-1] c.netflix.config.ChainedDynamicProperty  : Flipping property: auth-service.ribbon.ActiveConnectionsLimit to use NEXT property: niws.loadbalancer.availabilityFilteringRule.activeConnectionsLimit = 2147483647
2020-12-18 14:37:03.156  INFO 3008 --- [http-nio-10010-exec-1] c.n.l.DynamicServerListLoadBalancer      : DynamicServerListLoadBalancer for client auth-service initialized: DynamicServerListLoadBalancer:{NFLoadBalancer:name=auth-service,current list of Servers=[DESKTOP-QE1B4J1:8091],Load balancer stats=Zone stats: {defaultzone=[Zone:defaultzone;	Instance count:1;	Active connections count: 0;	Circuit breaker tripped count: 0;	Active connections per server: 0.0;]
},Server stats: [[Server:DESKTOP-QE1B4J1:8091;	Zone:defaultZone;	Total Requests:0;	Successive connection failure:0;	Total blackout seconds:0;	Last connection made:Thu Jan 01 08:00:00 CST 1970;	First connection made: Thu Jan 01 08:00:00 CST 1970;	Active Connections:0;	total failure count in last (1000) msecs:0;	average resp time:0.0;	90 percentile resp time:0.0;	95 percentile resp time:0.0;	min resp time:0.0;	max resp time:0.0;	stddev resp time:0.0]
]}ServerList:org.springframework.cloud.netflix.ribbon.eureka.DomainExtractingServerList@2594a907
2020-12-18 14:37:03.320  INFO 7572 --- [http-nio-8091-exec-1] o.a.c.c.C.[Tomcat].[localhost].[/]       : Initializing Spring DispatcherServlet 'dispatcherServlet'
2020-12-18 14:37:03.321  INFO 7572 --- [http-nio-8091-exec-1] o.s.web.servlet.DispatcherServlet        : Initializing Servlet 'dispatcherServlet'
2020-12-18 14:37:03.325  INFO 7572 --- [http-nio-8091-exec-1] o.s.web.servlet.DispatcherServlet        : Completed initialization in 4 ms
2020-12-18 14:37:03.375  INFO 7572 --- [http-nio-8091-exec-1] com.zaxxer.hikari.HikariDataSource       : HikariPool-1 - Starting...
2020-12-18 14:37:03.793  INFO 7572 --- [http-nio-8091-exec-1] com.zaxxer.hikari.HikariDataSource       : HikariPool-1 - Start completed.
2020-12-18 14:37:03.917  INFO 7572 --- [task-1] o.s.a.r.c.CachingConnectionFactory       : Attempting to connect to: [47.56.146.107:5672]
2020-12-18 14:37:04.060  INFO 7572 --- [task-1] o.s.a.r.c.CachingConnectionFactory       : Created new connection: rabbitConnectionFactory#2314cd97:0/SimpleConnection@636fca12 [delegate=amqp://guest@47.56.146.107:5672/, localPort= 64171]
2020-12-18 14:37:04.149  INFO 3008 --- [PollingServerListUpdater-0] c.netflix.config.ChainedDynamicProperty  : Flipping property: auth-service.ribbon.ActiveConnectionsLimit to use NEXT property: niws.loadbalancer.availabilityFilteringRule.activeConnectionsLimit = 2147483647
2020-12-18 14:37:17.566  INFO 3008 --- [http-nio-10010-exec-2] c.h.gateway.filter.LoginFilter           : 拦截器运行
2020-12-18 14:37:24.204  INFO 3008 --- [http-nio-10010-exec-3] c.h.gateway.filter.LoginFilter           : 拦截器运行
2020-12-18 14:37:24.287  INFO 3008 --- [http-nio-10010-exec-3] c.netflix.config.ChainedDynamicProperty  : Flipping property: admin-service.ribbon.ActiveConnectionsLimit to use NEXT property: niws.loadbalancer.availabilityFilteringRule.activeConnectionsLimit = 2147483647
2020-12-18 14:37:24.288  INFO 3008 --- [http-nio-10010-exec-3] c.n.u.concurrent.ShutdownEnabledTimer    : Shutdown hook installed for: NFLoadBalancer-PingTimer-admin-service
2020-12-18 14:37:24.288  INFO 3008 --- [http-nio-10010-exec-3] c.netflix.loadbalancer.BaseLoadBalancer  : Client: admin-service instantiated a LoadBalancer: DynamicServerListLoadBalancer:{NFLoadBalancer:name=admin-service,current list of Servers=[],Load balancer stats=Zone stats: {},Server stats: []}ServerList:null
2020-12-18 14:37:24.289  INFO 3008 --- [http-nio-10010-exec-3] c.n.l.DynamicServerListLoadBalancer      : Using serverListUpdater PollingServerListUpdater
2020-12-18 14:37:24.290  INFO 3008 --- [http-nio-10010-exec-3] c.netflix.config.ChainedDynamicProperty  : Flipping property: admin-service.ribbon.ActiveConnectionsLimit to use NEXT property: niws.loadbalancer.availabilityFilteringRule.activeConnectionsLimit = 2147483647
2020-12-18 14:37:24.290  INFO 3008 --- [http-nio-10010-exec-3] c.n.l.DynamicServerListLoadBalancer      : DynamicServerListLoadBalancer for client admin-service initialized: DynamicServerListLoadBalancer:{NFLoadBalancer:name=admin-service,current list of Servers=[DESKTOP-QE1B4J1:8081],Load balancer stats=Zone stats: {defaultzone=[Zone:defaultzone;	Instance count:1;	Active connections count: 0;	Circuit breaker tripped count: 0;	Active connections per server: 0.0;]
},Server stats: [[Server:DESKTOP-QE1B4J1:8081;	Zone:defaultZone;	Total Requests:0;	Successive connection failure:0;	Total blackout seconds:0;	Last connection made:Thu Jan 01 08:00:00 CST 1970;	First connection made: Thu Jan 01 08:00:00 CST 1970;	Active Connections:0;	total failure count in last (1000) msecs:0;	average resp time:0.0;	90 percentile resp time:0.0;	95 percentile resp time:0.0;	min resp time:0.0;	max resp time:0.0;	stddev resp time:0.0]
]}ServerList:org.springframework.cloud.netflix.ribbon.eureka.DomainExtractingServerList@308a9bdc
2020-12-18 14:37:24.341  INFO 16780 --- [http-nio-8081-exec-2] o.a.c.c.C.[Tomcat].[localhost].[/]       : Initializing Spring DispatcherServlet 'dispatcherServlet'
2020-12-18 14:37:24.341  INFO 16780 --- [http-nio-8081-exec-2] o.s.web.servlet.DispatcherServlet        : Initializing Servlet 'dispatcherServlet'
2020-12-18 14:37:24.349  INFO 16780 --- [http-nio-8081-exec-2] o.s.web.servlet.DispatcherServlet        : Completed initialization in 8 ms
2020-12-18 14:37:24.399  INFO 16780 --- [http-nio-8081-exec-2] com.zaxxer.hikari.HikariDataSource       : HikariPool-1 - Starting...
2020-12-18 14:37:24.811  INFO 16780 --- [http-nio-8081-exec-2] com.zaxxer.hikari.HikariDataSource       : HikariPool-1 - Start completed.
2020-12-18 14:37:24.998  INFO 16780 --- [http-nio-8081-exec-2] io.lettuce.core.EpollProvider            : Starting without optional epoll library
2020-12-18 14:37:24.999  INFO 16780 --- [http-nio-8081-exec-2] io.lettuce.core.KqueueProvider           : Starting without optional kqueue library
2020-12-18 14:37:25.299  INFO 3008 --- [PollingServerListUpdater-0] c.netflix.config.ChainedDynamicProperty  : Flipping property: admin-service.ribbon.ActiveConnectionsLimit to use NEXT property: niws.loadbalancer.availabilityFilteringRule.activeConnectionsLimit = 2147483647
2020-12-18 14:37:41.730  INFO 7572 --- [http-nio-8091-exec-4] io.lettuce.core.EpollProvider            : Starting without optional epoll library
2020-12-18 14:37:41.731  INFO 7572 --- [http-nio-8091-exec-4] io.lettuce.core.KqueueProvider           : Starting without optional kqueue library
2020-12-18 14:41:01.627  INFO 3008 --- [AsyncResolver-bootstrap-executor-0] c.n.d.s.r.aws.ConfigClusterResolver      : Resolving eureka endpoints via configuration
2020-12-18 14:41:07.578  INFO 16780 --- [AsyncResolver-bootstrap-executor-0] c.n.d.s.r.aws.ConfigClusterResolver      : Resolving eureka endpoints via configuration
2020-12-18 14:41:13.124  INFO 7572 --- [AsyncResolver-bootstrap-executor-0] c.n.d.s.r.aws.ConfigClusterResolver      : Resolving eureka endpoints via configuration
2020-12-18 14:46:01.634  INFO 3008 --- [AsyncResolver-bootstrap-executor-0] c.n.d.s.r.aws.ConfigClusterResolver      : Resolving eureka endpoints via configuration
2020-12-18 14:46:07.584  INFO 16780 --- [AsyncResolver-bootstrap-executor-0] c.n.d.s.r.aws.ConfigClusterResolver      : Resolving eureka endpoints via configuration
2020-12-18 14:46:13.132  INFO 7572 --- [AsyncResolver-bootstrap-executor-0] c.n.d.s.r.aws.ConfigClusterResolver      : Resolving eureka endpoints via configuration
2020-12-18 14:51:01.646  INFO 3008 --- [AsyncResolver-bootstrap-executor-0] c.n.d.s.r.aws.ConfigClusterResolver      : Resolving eureka endpoints via configuration
2020-12-18 14:51:07.589  INFO 16780 --- [AsyncResolver-bootstrap-executor-0] c.n.d.s.r.aws.ConfigClusterResolver      : Resolving eureka endpoints via configuration
2020-12-18 14:51:13.142  INFO 7572 --- [AsyncResolver-bootstrap-executor-0] c.n.d.s.r.aws.ConfigClusterResolver      : Resolving eureka endpoints via configuration
